<?xml version="1.0" encoding="UTF-8"?>
<!-- Generated by org.testng.reporters.JUnitXMLReporter -->
<testsuite hostname="ENIAC" ignored="0" name="Firefox Test" tests="2" failures="0" timestamp="20 May 2018 16:23:51 GMT" time="0.025" errors="0">
  <testcase name="@BeforeMethod methodName" time="0.001" classname="day13_05202018.AbstractClass">
    <failure type="java.lang.NullPointerException">
      <![CDATA[java.lang.NullPointerException
at day13_05202018.AbstractClass.methodName(AbstractClass.java:50)
... Removed 27 stack frames]]>
    </failure>
  </testcase> <!-- @BeforeMethod methodName -->
  <testcase name="@AfterMethod endTest" time="0.0" classname="day13_05202018.AbstractClass">
    <skipped/>
  </testcase> <!-- @AfterMethod endTest -->
  <testcase name="expressCheckout" time="0.0" classname="day13_05202018.ExpressTest">
    <skipped/>
  </testcase> <!-- expressCheckout -->
  <testcase name="addQuantity" time="0.0" classname="day13_05202018.ExpressTest">
    <skipped/>
  </testcase> <!-- addQuantity -->
</testsuite> <!-- Firefox Test -->
