<?xml version="1.0" encoding="UTF-8"?>
<!-- Generated by org.testng.reporters.JUnitXMLReporter -->
<testsuite hostname="ENIAC" ignored="0" name="Regression Test" tests="3" failures="0" timestamp="19 May 2018 16:12:29 GMT" time="43.99" errors="0">
  <testcase name="testScenario" time="6.0" classname="day10_testNG.count_USPS_Tabs"/>
  <testcase name="testCase1" time="31.419" classname="day12_XMLSuite_05192018.ActionItem_Express"/>
  <testcase name="testCase2" time="3.227" classname="day12_XMLSuite_05192018.ActionItem_Express"/>
</testsuite> <!-- Regression Test -->
