<?xml version="1.0" encoding="UTF-8"?>
<testng-results skipped="0" failed="0" ignored="0" total="2" passed="2">
  <reporter-output>
  </reporter-output>
  <suite name="Automation Suite" duration-ms="14788" started-at="2018-05-20T16:29:47Z" finished-at="2018-05-20T16:30:01Z">
    <groups>
    </groups>
    <test name="Chrome Test" duration-ms="14788" started-at="2018-05-20T16:29:47Z" finished-at="2018-05-20T16:30:01Z">
      <class name="day13_05202018.ExpressTest">
        <test-method status="PASS" signature="defineBrowse(java.lang.String)[pri:0, instance:day13_05202018.ExpressTest@4e9ba398]" name="defineBrowse" is-config="true" duration-ms="3865" started-at="2018-05-20T16:29:43Z" finished-at="2018-05-20T16:29:47Z">
          <params>
            <param index="0">
              <value>
                <![CDATA[chrome]]>
              </value>
            </param>
          </params>
          <reporter-output>
          </reporter-output>
        </test-method> <!-- defineBrowse -->
        <test-method status="PASS" signature="methodName(java.lang.reflect.Method)[pri:0, instance:day13_05202018.ExpressTest@4e9ba398]" name="methodName" is-config="true" duration-ms="4" started-at="2018-05-20T16:29:47Z" finished-at="2018-05-20T16:29:47Z">
          <params>
            <param index="0">
              <value>
                <![CDATA[public void day13_05202018.ExpressTest.expressCheckout() throws java.io.IOException]]>
              </value>
            </param>
          </params>
          <reporter-output>
          </reporter-output>
        </test-method> <!-- methodName -->
        <test-method status="PASS" signature="expressCheckout()[pri:0, instance:day13_05202018.ExpressTest@4e9ba398]" name="expressCheckout" duration-ms="14381" started-at="2018-05-20T16:29:47Z" finished-at="2018-05-20T16:30:01Z">
          <reporter-output>
          </reporter-output>
        </test-method> <!-- expressCheckout -->
        <test-method status="PASS" signature="endTest()[pri:0, instance:day13_05202018.ExpressTest@4e9ba398]" name="endTest" is-config="true" duration-ms="3" started-at="2018-05-20T16:30:01Z" finished-at="2018-05-20T16:30:01Z">
          <reporter-output>
          </reporter-output>
        </test-method> <!-- endTest -->
        <test-method status="PASS" signature="methodName(java.lang.reflect.Method)[pri:0, instance:day13_05202018.ExpressTest@4e9ba398]" name="methodName" is-config="true" duration-ms="0" started-at="2018-05-20T16:30:01Z" finished-at="2018-05-20T16:30:01Z">
          <params>
            <param index="0">
              <value>
                <![CDATA[public void day13_05202018.ExpressTest.addQuantity() throws java.io.IOException]]>
              </value>
            </param>
          </params>
          <reporter-output>
          </reporter-output>
        </test-method> <!-- methodName -->
        <test-method status="PASS" signature="addQuantity()[pri:0, instance:day13_05202018.ExpressTest@4e9ba398]" name="addQuantity" duration-ms="374" started-at="2018-05-20T16:30:01Z" depends-on-methods="day13_05202018.ExpressTest.expressCheckout" finished-at="2018-05-20T16:30:01Z">
          <reporter-output>
          </reporter-output>
        </test-method> <!-- addQuantity -->
        <test-method status="PASS" signature="endTest()[pri:0, instance:day13_05202018.ExpressTest@4e9ba398]" name="endTest" is-config="true" duration-ms="1" started-at="2018-05-20T16:30:01Z" finished-at="2018-05-20T16:30:01Z">
          <reporter-output>
          </reporter-output>
        </test-method> <!-- endTest -->
        <test-method status="PASS" signature="close()[pri:0, instance:day13_05202018.ExpressTest@4e9ba398]" name="close" is-config="true" duration-ms="1262" started-at="2018-05-20T16:30:01Z" finished-at="2018-05-20T16:30:03Z">
          <reporter-output>
          </reporter-output>
        </test-method> <!-- close -->
      </class> <!-- day13_05202018.ExpressTest -->
    </test> <!-- Chrome Test -->
  </suite> <!-- Automation Suite -->
</testng-results>
